kotlin version: 2.2.10
error message: Incremental compilation failed: Cannot invoke "org.jetbrains.kotlin.parsing.KotlinParsing.parseAnnotations(org.jetbrains.kotlin.parsing.KotlinParsing$AnnotationParsingMode)" because "this.myKotlinParsing" is null
java.lang.NullPointerException: Cannot invoke "org.jetbrains.kotlin.parsing.KotlinParsing.parseAnnotations(org.jetbrains.kotlin.parsing.KotlinParsing$AnnotationParsingMode)" because "this.myKotlinParsing" is null
	at org.jetbrains.kotlin.parsing.KotlinExpressionParsing.parseAnnotatedLambda(KotlinExpressionParsing.java:570)
	at org.jetbrains.kotlin.parsing.KotlinExpressionParsing.parseCallWithClosure(KotlinExpressionParsing.java:551)
	at org.jetbrains.kotlin.parsing.KotlinExpressionParsing.parseCallSuffix(KotlinExpressionParsing.java:496)
	at org.jetbrains.kotlin.parsing.KotlinExpressionParsing.parsePostfixExpression(KotlinExpressionParsing.java:456)
	at org.jetbrains.kotlin.parsing.KotlinExpressionParsing.parsePrefixExpression(KotlinExpressionParsing.java:373)
	at org.jetbrains.kotlin.parsing.KotlinExpressionParsing.access$200(KotlinExpressionParsing.java:33)
	at org.jetbrains.kotlin.parsing.KotlinExpressionParsing$Precedence$2.parseHigherPrecedence(KotlinExpressionParsing.java:166)
	at org.jetbrains.kotlin.parsing.KotlinExpressionParsing.parseBinaryExpression(KotlinExpressionParsing.java:318)
	at org.jetbrains.kotlin.parsing.KotlinExpressionParsing.access$300(KotlinExpressionParsing.java:33)
	at org.jetbrains.kotlin.parsing.KotlinExpressionParsing$Precedence.parseHigherPrecedence(KotlinExpressionParsing.java:211)
	at org.jetbrains.kotlin.parsing.KotlinExpressionParsing.parseBinaryExpression(KotlinExpressionParsing.java:318)
	at org.jetbrains.kotlin.parsing.KotlinExpressionParsing.access$300(KotlinExpressionParsing.java:33)
	at org.jetbrains.kotlin.parsing.KotlinExpressionParsing$Precedence.parseHigherPrecedence(KotlinExpressionParsing.java:211)
	at org.jetbrains.kotlin.parsing.KotlinExpressionParsing.parseBinaryExpression(KotlinExpressionParsing.java:318)
	at org.jetbrains.kotlin.parsing.KotlinExpressionParsing.access$300(KotlinExpressionParsing.java:33)
	at org.jetbrains.kotlin.parsing.KotlinExpressionParsing$Precedence.parseHigherPrecedence(KotlinExpressionParsing.java:211)
	at org.jetbrains.kotlin.parsing.KotlinExpressionParsing.parseBinaryExpression(KotlinExpressionParsing.java:318)
	at org.jetbrains.kotlin.parsing.KotlinExpressionParsing.access$300(KotlinExpressionParsing.java:33)
	at org.jetbrains.kotlin.parsing.KotlinExpressionParsing$Precedence.parseHigherPrecedence(KotlinExpressionParsing.java:211)
	at org.jetbrains.kotlin.parsing.KotlinExpressionParsing.parseBinaryExpression(KotlinExpressionParsing.java:318)
	at org.jetbrains.kotlin.parsing.KotlinExpressionParsing.access$300(KotlinExpressionParsing.java:33)
	at org.jetbrains.kotlin.parsing.KotlinExpressionParsing$Precedence.parseHigherPrecedence(KotlinExpressionParsing.java:211)
	at org.jetbrains.kotlin.parsing.KotlinExpressionParsing.parseBinaryExpression(KotlinExpressionParsing.java:318)
	at org.jetbrains.kotlin.parsing.KotlinExpressionParsing.access$300(KotlinExpressionParsing.java:33)
	at org.jetbrains.kotlin.parsing.KotlinExpressionParsing$Precedence.parseHigherPrecedence(KotlinExpressionParsing.java:211)
	at org.jetbrains.kotlin.parsing.KotlinExpressionParsing.parseBinaryExpression(KotlinExpressionParsing.java:318)
	at org.jetbrains.kotlin.parsing.KotlinExpressionParsing.access$300(KotlinExpressionParsing.java:33)
	at org.jetbrains.kotlin.parsing.KotlinExpressionParsing$Precedence.parseHigherPrecedence(KotlinExpressionParsing.java:211)
	at org.jetbrains.kotlin.parsing.KotlinExpressionParsing.parseBinaryExpression(KotlinExpressionParsing.java:318)
	at org.jetbrains.kotlin.parsing.KotlinExpressionParsing.access$300(KotlinExpressionParsing.java:33)
	at org.jetbrains.kotlin.parsing.KotlinExpressionParsing$Precedence.parseHigherPrecedence(KotlinExpressionParsing.java:211)
	at org.jetbrains.kotlin.parsing.KotlinExpressionParsing.parseBinaryExpression(KotlinExpressionParsing.java:318)
	at org.jetbrains.kotlin.parsing.KotlinExpressionParsing.access$300(KotlinExpressionParsing.java:33)
	at org.jetbrains.kotlin.parsing.KotlinExpressionParsing$Precedence.parseHigherPrecedence(KotlinExpressionParsing.java:211)
	at org.jetbrains.kotlin.parsing.KotlinExpressionParsing.parseBinaryExpression(KotlinExpressionParsing.java:318)
	at org.jetbrains.kotlin.parsing.KotlinExpressionParsing.access$300(KotlinExpressionParsing.java:33)
	at org.jetbrains.kotlin.parsing.KotlinExpressionParsing$Precedence.parseHigherPrecedence(KotlinExpressionParsing.java:211)
	at org.jetbrains.kotlin.parsing.KotlinExpressionParsing.parseBinaryExpression(KotlinExpressionParsing.java:318)
	at org.jetbrains.kotlin.parsing.KotlinExpressionParsing.access$300(KotlinExpressionParsing.java:33)
	at org.jetbrains.kotlin.parsing.KotlinExpressionParsing$Precedence.parseHigherPrecedence(KotlinExpressionParsing.java:211)
	at org.jetbrains.kotlin.parsing.KotlinExpressionParsing.parseBinaryExpression(KotlinExpressionParsing.java:318)
	at org.jetbrains.kotlin.parsing.KotlinExpressionParsing.parseExpression(KotlinExpressionParsing.java:307)
	at org.jetbrains.kotlin.parsing.KotlinParsing.parseFunctionParameterRest(KotlinParsing.java:2627)
	at org.jetbrains.kotlin.parsing.KotlinParsing.parseValueParameter(KotlinParsing.java:2574)
	at org.jetbrains.kotlin.parsing.KotlinParsing.parseValueParameter(KotlinParsing.java:2562)
	at org.jetbrains.kotlin.parsing.KotlinParsing.lambda$parseValueParameterList$1(KotlinParsing.java:2508)
	at org.jetbrains.kotlin.parsing.KotlinParsing.valueParameterLoop(KotlinParsing.java:2530)
	at org.jetbrains.kotlin.parsing.KotlinParsing.parseValueParameterList(KotlinParsing.java:2495)
	at org.jetbrains.kotlin.parsing.KotlinParsing.parseFunction(KotlinParsing.java:1797)
	at org.jetbrains.kotlin.parsing.KotlinParsing.parseFunction(KotlinParsing.java:1735)
	at org.jetbrains.kotlin.parsing.KotlinParsing.parseCommonDeclaration(KotlinParsing.java:531)
	at org.jetbrains.kotlin.parsing.KotlinParsing.parseTopLevelDeclaration(KotlinParsing.java:499)
	at org.jetbrains.kotlin.parsing.KotlinParsing.parseFile(KotlinParsing.java:181)
	at org.jetbrains.kotlin.parsing.KotlinParser.parse(KotlinParser.java:47)
	at org.jetbrains.kotlin.psi.stubs.elements.KtFileElementType.doParseContents(KtFileElementType.java:83)
	at org.jetbrains.kotlin.com.intellij.psi.tree.IFileElementType.parseContents(IFileElementType.java:38)
	at org.jetbrains.kotlin.com.intellij.psi.impl.source.tree.LazyParseableElement.lambda$ensureParsed$2(LazyParseableElement.java:183)
	at org.jetbrains.kotlin.com.intellij.psi.impl.DebugUtil.performPsiModification(DebugUtil.java:535)
	at org.jetbrains.kotlin.com.intellij.psi.impl.source.tree.LazyParseableElement.ensureParsed(LazyParseableElement.java:182)
	at org.jetbrains.kotlin.com.intellij.psi.impl.source.tree.LazyParseableElement.getFirstChildNode(LazyParseableElement.java:234)
	at org.jetbrains.kotlin.com.intellij.psi.impl.source.tree.LazyParseableElement.getFirstChildNode(LazyParseableElement.java:25)
	at org.jetbrains.kotlin.com.intellij.psi.impl.source.tree.SharedImplUtil.getFirstChild(SharedImplUtil.java:37)
	at org.jetbrains.kotlin.com.intellij.psi.impl.source.PsiFileImpl.getFirstChild(PsiFileImpl.java:743)
	at org.jetbrains.kotlin.com.intellij.psi.util.PsiTreeUtil.getChildrenOfTypeAsList(PsiTreeUtil.java:413)
	at org.jetbrains.kotlin.psi.KtCommonFile.getDeclarations(KtCommonFile.kt:144)
	at org.jetbrains.kotlin.incremental.parsing.ParseFileUtilsKt.classesFqNames(parseFileUtils.kt:61)
	at org.jetbrains.kotlin.incremental.parsing.ParseFileUtilsKt.classesFqNames(parseFileUtils.kt:35)
	at org.jetbrains.kotlin.incremental.dirtyFiles.ChangesDetectionUtilsKt.getRemovedClassesChanges(changesDetectionUtils.kt:140)
	at org.jetbrains.kotlin.incremental.dirtyFiles.JvmSourcesToCompileCalculator.calculateSourcesToCompileWithKnownChanges(JvmSourcesToCompileCalculator.kt:77)
	at org.jetbrains.kotlin.incremental.dirtyFiles.JvmSourcesToCompileCalculator.calculateSourcesToCompileImpl(JvmSourcesToCompileCalculator.kt:49)
	at org.jetbrains.kotlin.incremental.dirtyFiles.JvmSourcesToCompileCalculator.calculateWithClasspathSnapshot(JvmSourcesToCompileCalculator.kt:97)
	at org.jetbrains.kotlin.incremental.IncrementalJvmCompilerRunner.calculateSourcesToCompile(IncrementalJvmCompilerRunner.kt:60)
	at org.jetbrains.kotlin.incremental.IncrementalJvmCompilerRunner.calculateSourcesToCompile(IncrementalJvmCompilerRunner.kt:23)
	at org.jetbrains.kotlin.incremental.IncrementalCompilerRunner.tryCompileIncrementally$lambda$10$compile(IncrementalCompilerRunner.kt:230)
	at org.jetbrains.kotlin.incremental.IncrementalCompilerRunner.tryCompileIncrementally(IncrementalCompilerRunner.kt:272)
	at org.jetbrains.kotlin.incremental.IncrementalCompilerRunner.compile(IncrementalCompilerRunner.kt:124)
	at org.jetbrains.kotlin.daemon.CompileServiceImplBase.execIncrementalCompiler(CompileServiceImpl.kt:679)
	at org.jetbrains.kotlin.daemon.CompileServiceImplBase.access$execIncrementalCompiler(CompileServiceImpl.kt:93)
	at org.jetbrains.kotlin.daemon.CompileServiceImpl.compile(CompileServiceImpl.kt:1806)
	at java.base/jdk.internal.reflect.DirectMethodHandleAccessor.invoke(Unknown Source)
	at java.base/java.lang.reflect.Method.invoke(Unknown Source)
	at java.rmi/sun.rmi.server.UnicastServerRef.dispatch(Unknown Source)
	at java.rmi/sun.rmi.transport.Transport$1.run(Unknown Source)
	at java.rmi/sun.rmi.transport.Transport$1.run(Unknown Source)
	at java.base/java.security.AccessController.doPrivileged(Unknown Source)
	at java.rmi/sun.rmi.transport.Transport.serviceCall(Unknown Source)
	at java.rmi/sun.rmi.transport.tcp.TCPTransport.handleMessages(Unknown Source)
	at java.rmi/sun.rmi.transport.tcp.TCPTransport$ConnectionHandler.run0(Unknown Source)
	at java.rmi/sun.rmi.transport.tcp.TCPTransport$ConnectionHandler.lambda$run$0(Unknown Source)
	at java.base/java.security.AccessController.doPrivileged(Unknown Source)
	at java.rmi/sun.rmi.transport.tcp.TCPTransport$ConnectionHandler.run(Unknown Source)
	at java.base/java.util.concurrent.ThreadPoolExecutor.runWorker(Unknown Source)
	at java.base/java.util.concurrent.ThreadPoolExecutor$Worker.run(Unknown Source)
	at java.base/java.lang.Thread.run(Unknown Source)


error message: java.lang.NullPointerException: Cannot invoke "org.jetbrains.kotlin.parsing.KotlinParsing.parseAnnotations(org.jetbrains.kotlin.parsing.KotlinParsing$AnnotationParsingMode)" because "this.myKotlinParsing" is null
	at org.jetbrains.kotlin.parsing.KotlinExpressionParsing.parseAnnotatedLambda(KotlinExpressionParsing.java:570)
	at org.jetbrains.kotlin.parsing.KotlinExpressionParsing.parseCallWithClosure(KotlinExpressionParsing.java:551)
	at org.jetbrains.kotlin.parsing.KotlinExpressionParsing.parseCallSuffix(KotlinExpressionParsing.java:496)
	at org.jetbrains.kotlin.parsing.KotlinExpressionParsing.parsePostfixExpression(KotlinExpressionParsing.java:456)
	at org.jetbrains.kotlin.parsing.KotlinExpressionParsing.parsePrefixExpression(KotlinExpressionParsing.java:373)
	at org.jetbrains.kotlin.parsing.KotlinExpressionParsing.access$200(KotlinExpressionParsing.java:33)
	at org.jetbrains.kotlin.parsing.KotlinExpressionParsing$Precedence$2.parseHigherPrecedence(KotlinExpressionParsing.java:166)
	at org.jetbrains.kotlin.parsing.KotlinExpressionParsing.parseBinaryExpression(KotlinExpressionParsing.java:318)
	at org.jetbrains.kotlin.parsing.KotlinExpressionParsing.access$300(KotlinExpressionParsing.java:33)
	at org.jetbrains.kotlin.parsing.KotlinExpressionParsing$Precedence.parseHigherPrecedence(KotlinExpressionParsing.java:211)
	at org.jetbrains.kotlin.parsing.KotlinExpressionParsing.parseBinaryExpression(KotlinExpressionParsing.java:318)
	at org.jetbrains.kotlin.parsing.KotlinExpressionParsing.access$300(KotlinExpressionParsing.java:33)
	at org.jetbrains.kotlin.parsing.KotlinExpressionParsing$Precedence.parseHigherPrecedence(KotlinExpressionParsing.java:211)
	at org.jetbrains.kotlin.parsing.KotlinExpressionParsing.parseBinaryExpression(KotlinExpressionParsing.java:318)
	at org.jetbrains.kotlin.parsing.KotlinExpressionParsing.access$300(KotlinExpressionParsing.java:33)
	at org.jetbrains.kotlin.parsing.KotlinExpressionParsing$Precedence.parseHigherPrecedence(KotlinExpressionParsing.java:211)
	at org.jetbrains.kotlin.parsing.KotlinExpressionParsing.parseBinaryExpression(KotlinExpressionParsing.java:318)
	at org.jetbrains.kotlin.parsing.KotlinExpressionParsing.access$300(KotlinExpressionParsing.java:33)
	at org.jetbrains.kotlin.parsing.KotlinExpressionParsing$Precedence.parseHigherPrecedence(KotlinExpressionParsing.java:211)
	at org.jetbrains.kotlin.parsing.KotlinExpressionParsing.parseBinaryExpression(KotlinExpressionParsing.java:318)
	at org.jetbrains.kotlin.parsing.KotlinExpressionParsing.access$300(KotlinExpressionParsing.java:33)
	at org.jetbrains.kotlin.parsing.KotlinExpressionParsing$Precedence.parseHigherPrecedence(KotlinExpressionParsing.java:211)
	at org.jetbrains.kotlin.parsing.KotlinExpressionParsing.parseBinaryExpression(KotlinExpressionParsing.java:318)
	at org.jetbrains.kotlin.parsing.KotlinExpressionParsing.access$300(KotlinExpressionParsing.java:33)
	at org.jetbrains.kotlin.parsing.KotlinExpressionParsing$Precedence.parseHigherPrecedence(KotlinExpressionParsing.java:211)
	at org.jetbrains.kotlin.parsing.KotlinExpressionParsing.parseBinaryExpression(KotlinExpressionParsing.java:318)
	at org.jetbrains.kotlin.parsing.KotlinExpressionParsing.access$300(KotlinExpressionParsing.java:33)
	at org.jetbrains.kotlin.parsing.KotlinExpressionParsing$Precedence.parseHigherPrecedence(KotlinExpressionParsing.java:211)
	at org.jetbrains.kotlin.parsing.KotlinExpressionParsing.parseBinaryExpression(KotlinExpressionParsing.java:318)
	at org.jetbrains.kotlin.parsing.KotlinExpressionParsing.access$300(KotlinExpressionParsing.java:33)
	at org.jetbrains.kotlin.parsing.KotlinExpressionParsing$Precedence.parseHigherPrecedence(KotlinExpressionParsing.java:211)
	at org.jetbrains.kotlin.parsing.KotlinExpressionParsing.parseBinaryExpression(KotlinExpressionParsing.java:318)
	at org.jetbrains.kotlin.parsing.KotlinExpressionParsing.access$300(KotlinExpressionParsing.java:33)
	at org.jetbrains.kotlin.parsing.KotlinExpressionParsing$Precedence.parseHigherPrecedence(KotlinExpressionParsing.java:211)
	at org.jetbrains.kotlin.parsing.KotlinExpressionParsing.parseBinaryExpression(KotlinExpressionParsing.java:318)
	at org.jetbrains.kotlin.parsing.KotlinExpressionParsing.access$300(KotlinExpressionParsing.java:33)
	at org.jetbrains.kotlin.parsing.KotlinExpressionParsing$Precedence.parseHigherPrecedence(KotlinExpressionParsing.java:211)
	at org.jetbrains.kotlin.parsing.KotlinExpressionParsing.parseBinaryExpression(KotlinExpressionParsing.java:318)
	at org.jetbrains.kotlin.parsing.KotlinExpressionParsing.access$300(KotlinExpressionParsing.java:33)
	at org.jetbrains.kotlin.parsing.KotlinExpressionParsing$Precedence.parseHigherPrecedence(KotlinExpressionParsing.java:211)
	at org.jetbrains.kotlin.parsing.KotlinExpressionParsing.parseBinaryExpression(KotlinExpressionParsing.java:318)
	at org.jetbrains.kotlin.parsing.KotlinExpressionParsing.parseExpression(KotlinExpressionParsing.java:307)
	at org.jetbrains.kotlin.parsing.KotlinExpressionParsing.parseBlockLevelExpression(KotlinExpressionParsing.java:1413)
	at org.jetbrains.kotlin.parsing.KotlinExpressionParsing.parseStatement(KotlinExpressionParsing.java:1387)
	at org.jetbrains.kotlin.parsing.KotlinExpressionParsing.parseStatements(KotlinExpressionParsing.java:1349)
	at org.jetbrains.kotlin.parsing.KotlinExpressionParsing.parseStatements(KotlinExpressionParsing.java:1335)
	at org.jetbrains.kotlin.parsing.KotlinParsing.parseBlock(KotlinParsing.java:1923)
	at org.jetbrains.kotlin.parsing.KotlinParsing.parseBlock(KotlinParsing.java:1908)
	at org.jetbrains.kotlin.parsing.KotlinParsing.parseFunctionBody(KotlinParsing.java:1890)
	at org.jetbrains.kotlin.parsing.KotlinParsing.parseFunction(KotlinParsing.java:1821)
	at org.jetbrains.kotlin.parsing.KotlinParsing.parseFunction(KotlinParsing.java:1735)
	at org.jetbrains.kotlin.parsing.KotlinParsing.parseCommonDeclaration(KotlinParsing.java:531)
	at org.jetbrains.kotlin.parsing.KotlinParsing.parseMemberDeclarationRest(KotlinParsing.java:1301)
	at org.jetbrains.kotlin.parsing.KotlinParsing.parseMemberDeclaration(KotlinParsing.java:1289)
	at org.jetbrains.kotlin.parsing.KotlinParsing.parseMembers(KotlinParsing.java:1258)
	at org.jetbrains.kotlin.parsing.KotlinParsing.parseClassBody(KotlinParsing.java:1242)
	at org.jetbrains.kotlin.parsing.KotlinParsing.parseClassOrObject(KotlinParsing.java:1094)
	at org.jetbrains.kotlin.parsing.KotlinParsing.parseClass(KotlinParsing.java:1107)
	at org.jetbrains.kotlin.parsing.KotlinParsing.parseCommonDeclaration(KotlinParsing.java:529)
	at org.jetbrains.kotlin.parsing.KotlinParsing.parseTopLevelDeclaration(KotlinParsing.java:499)
	at org.jetbrains.kotlin.parsing.KotlinParsing.parseFile(KotlinParsing.java:181)
	at org.jetbrains.kotlin.parsing.KotlinLightParser.parse(KotlinLightParser.java:15)
	at org.jetbrains.kotlin.fir.lightTree.LightTree2Fir$Companion.buildLightTree(LightTree2Fir.kt:44)
	at org.jetbrains.kotlin.fir.lightTree.LightTree2Fir.buildFirFile(LightTree2Fir.kt:96)
	at org.jetbrains.kotlin.fir.pipeline.FirUtilsKt.buildFirViaLightTree(firUtils.kt:40)
	at org.jetbrains.kotlin.cli.pipeline.jvm.JvmFrontendPipelinePhase.executePhase(JvmFrontendPipelinePhase.kt:171)
	at org.jetbrains.kotlin.cli.pipeline.jvm.JvmFrontendPipelinePhase.executePhase(JvmFrontendPipelinePhase.kt:56)
	at org.jetbrains.kotlin.cli.pipeline.PipelinePhase.phaseBody(PipelinePhase.kt:68)
	at org.jetbrains.kotlin.cli.pipeline.PipelinePhase.phaseBody(PipelinePhase.kt:58)
	at org.jetbrains.kotlin.config.phaser.NamedCompilerPhase.invoke(CompilerPhase.kt:102)
	at org.jetbrains.kotlin.backend.common.phaser.CompositePhase.invoke(PhaseBuilders.kt:22)
	at org.jetbrains.kotlin.config.phaser.CompilerPhaseKt.invokeToplevel(CompilerPhase.kt:53)
	at org.jetbrains.kotlin.cli.pipeline.AbstractCliPipeline.runPhasedPipeline(AbstractCliPipeline.kt:109)
	at org.jetbrains.kotlin.cli.pipeline.AbstractCliPipeline.execute(AbstractCliPipeline.kt:68)
	at org.jetbrains.kotlin.cli.jvm.K2JVMCompiler.doExecutePhased(K2JVMCompiler.kt:78)
	at org.jetbrains.kotlin.cli.jvm.K2JVMCompiler.doExecutePhased(K2JVMCompiler.kt:44)
	at org.jetbrains.kotlin.cli.common.CLICompiler.execImpl(CLICompiler.kt:90)
	at org.jetbrains.kotlin.cli.common.CLICompiler.exec(CLICompiler.kt:352)
	at org.jetbrains.kotlin.incremental.IncrementalJvmCompilerRunnerBase.runCompiler(IncrementalJvmCompilerRunnerBase.kt:175)
	at org.jetbrains.kotlin.incremental.IncrementalJvmCompilerRunnerBase.runCompiler(IncrementalJvmCompilerRunnerBase.kt:38)
	at org.jetbrains.kotlin.incremental.IncrementalCompilerRunner.doCompile(IncrementalCompilerRunner.kt:504)
	at org.jetbrains.kotlin.incremental.IncrementalCompilerRunner.compileImpl(IncrementalCompilerRunner.kt:421)
	at org.jetbrains.kotlin.incremental.IncrementalCompilerRunner.compileNonIncrementally(IncrementalCompilerRunner.kt:306)
	at org.jetbrains.kotlin.incremental.IncrementalCompilerRunner.compile(IncrementalCompilerRunner.kt:152)
	at org.jetbrains.kotlin.daemon.CompileServiceImplBase.execIncrementalCompiler(CompileServiceImpl.kt:679)
	at org.jetbrains.kotlin.daemon.CompileServiceImplBase.access$execIncrementalCompiler(CompileServiceImpl.kt:93)
	at org.jetbrains.kotlin.daemon.CompileServiceImpl.compile(CompileServiceImpl.kt:1806)
	at java.base/jdk.internal.reflect.DirectMethodHandleAccessor.invoke(Unknown Source)
	at java.base/java.lang.reflect.Method.invoke(Unknown Source)
	at java.rmi/sun.rmi.server.UnicastServerRef.dispatch(Unknown Source)
	at java.rmi/sun.rmi.transport.Transport$1.run(Unknown Source)
	at java.rmi/sun.rmi.transport.Transport$1.run(Unknown Source)
	at java.base/java.security.AccessController.doPrivileged(Unknown Source)
	at java.rmi/sun.rmi.transport.Transport.serviceCall(Unknown Source)
	at java.rmi/sun.rmi.transport.tcp.TCPTransport.handleMessages(Unknown Source)
	at java.rmi/sun.rmi.transport.tcp.TCPTransport$ConnectionHandler.run0(Unknown Source)
	at java.rmi/sun.rmi.transport.tcp.TCPTransport$ConnectionHandler.lambda$run$0(Unknown Source)
	at java.base/java.security.AccessController.doPrivileged(Unknown Source)
	at java.rmi/sun.rmi.transport.tcp.TCPTransport$ConnectionHandler.run(Unknown Source)
	at java.base/java.util.concurrent.ThreadPoolExecutor.runWorker(Unknown Source)
	at java.base/java.util.concurrent.ThreadPoolExecutor$Worker.run(Unknown Source)
	at java.base/java.lang.Thread.run(Unknown Source)


